<?xml version="1.0" encoding="UTF-8"?>
<!-- Generated by org.testng.reporters.JUnitReportReporter -->
<testsuite skipped="0" hostname="LAPTOP-IAQHS7UT" name="test.DuplicateCategoryTest" tests="1" failures="0" timestamp="28 Apr 2022 22:19:55 GMT" time="2.116" errors="0">
  <testcase name="userShouldNotBeAbleToAddDuplicateCategory" time="2.116" classname="test.DuplicateCategoryTest"/>
</testsuite> <!-- test.DuplicateCategoryTest -->
