<?xml version="1.0" encoding="UTF-8"?>
<!-- Generated by org.testng.reporters.JUnitReportReporter -->
<testsuite skipped="0" hostname="LAPTOP-IAQHS7UT" name="test.MonthDropDownTest" tests="1" failures="0" timestamp="28 Apr 2022 22:19:55 GMT" time="2.180" errors="0">
  <testcase name="userShouldBeAbleToValidateMonthsDropdown" time="2.180" classname="test.MonthDropDownTest"/>
</testsuite> <!-- test.MonthDropDownTest -->
