<?xml version="1.0" encoding="UTF-8"?>
<!-- Generated by org.testng.reporters.JUnitReportReporter -->
<testsuite skipped="0" hostname="LAPTOP-IAQHS7UT" name="test.CreateCategoryTest" tests="1" failures="0" timestamp="28 Apr 2022 22:19:55 GMT" time="3.075" errors="0">
  <testcase name="userShouldBeAbleToAddCategory" time="3.075" classname="test.CreateCategoryTest"/>
</testsuite> <!-- test.CreateCategoryTest -->
